"C:\Program Files\JetBrains\CLion 2023.2.2\bin\cmake\win\x64\bin\cmake.exe" -DCMAKE_BUILD_TYPE=Debug "-DCMAKE_MAKE_PROGRAM=C:/Program Files/JetBrains/CLion 2023.2.2/bin/ninja/win/x64/ninja.exe" -G Ninja -S C:\Users\Asus\Desktop\Dasprog -B C:\Users\Asus\Desktop\Dasprog\cmake-build-debug
-- The C compiler identification is GNU 11.2.0
-- The CXX compiler identification is GNU 6.3.0
-- Detecting C compiler ABI info
-- Detecting C compiler ABI info - done
-- Check for working C compiler: C:/MinGW/bin/gcc.exe - skipped
-- Detecting C compile features
-- Detecting C compile features - done
-- Detecting CXX compiler ABI info
-- Detecting CXX compiler ABI info - failed
-- Check for working CXX compiler: C:/MinGW/bin/c++.exe
-- Check for working CXX compiler: C:/MinGW/bin/c++.exe - broken
CMake Error at C:/Program Files/JetBrains/CLion 2023.2.2/bin/cmake/win/x64/share/cmake-3.26/Modules/CMakeTestCXXCompiler.cmake:60 (message):
  The C++ compiler

    "C:/MinGW/bin/c++.exe"

  is not able to compile a simple test program.

  It fails with the following output:

    Change Dir: C:/Users/Asus/Desktop/Dasprog/cmake-build-debug/CMakeFiles/CMakeScratch/TryCompile-vukzep
    
    Run Build Command(s):C:/Program Files/JetBrains/CLion 2023.2.2/bin/ninja/win/x64/ninja.exe -v cmTC_f4763 && [1/2] C:\MinGW\bin\c++.exe   -fdiagnostics-color=always -o CMakeFiles/cmTC_f4763.dir/testCXXCompiler.cxx.obj -c C:/Users/Asus/Desktop/Dasprog/cmake-build-debug/CMakeFiles/CMakeScratch/TryCompile-vukzep/testCXXCompiler.cxx
    [2/2] cmd.exe /C "cd . && C:\MinGW\bin\c++.exe   CMakeFiles/cmTC_f4763.dir/testCXXCompiler.cxx.obj -o cmTC_f4763.exe -Wl,--out-implib,libcmTC_f4763.dll.a -Wl,--major-image-version,0,--minor-image-version,0  -lkernel32 -luser32 -lgdi32 -lwinspool -lshell32 -lole32 -loleaut32 -luuid -lcomdlg32 -ladvapi32 && cd ."
    FAILED: cmTC_f4763.exe 
    cmd.exe /C "cd . && C:\MinGW\bin\c++.exe   CMakeFiles/cmTC_f4763.dir/testCXXCompiler.cxx.obj -o cmTC_f4763.exe -Wl,--out-implib,libcmTC_f4763.dll.a -Wl,--major-image-version,0,--minor-image-version,0  -lkernel32 -luser32 -lgdi32 -lwinspool -lshell32 -lole32 -loleaut32 -luuid -lcomdlg32 -ladvapi32 && cd ."
    c++.exe: fatal error: -fuse-linker-plugin, but liblto_plugin-0.dll not found
    compilation terminated.
    ninja: build stopped: subcommand failed.
    
    

  

  CMake will not be able to correctly generate this project.
Call Stack (most recent call first):
  CMakeLists.txt:2 (project)


-- Configuring incomplete, errors occurred!
